[5.081s] Invoking command in '/home/emma/Desktop/RCS Project/Project/src/turtlebot3_waypoints': PYTHONPATH=/home/emma/Desktop/RCS Project/Project/build/turtlebot3_waypoints/prefix_override:/usr/lib/python3/dist-packages/colcon_core/task/python/colcon_distutils_commands:/home/emma/Desktop/RCS Project/Project/install/turtlebot3_waypoints/lib/python3.10/site-packages:${PYTHONPATH} /usr/bin/python3 -W ignore:setup.py install is deprecated -W ignore:easy_install command is deprecated setup.py egg_info --egg-base ../../build/turtlebot3_waypoints build --build-base /home/emma/Desktop/RCS Project/Project/build/turtlebot3_waypoints/build install --record /home/emma/Desktop/RCS Project/Project/build/turtlebot3_waypoints/install.log --single-version-externally-managed install_data
[7.055s] running egg_info
[7.061s] writing ../../build/turtlebot3_waypoints/turtlebot3_waypoints.egg-info/PKG-INFO
[7.063s] writing dependency_links to ../../build/turtlebot3_waypoints/turtlebot3_waypoints.egg-info/dependency_links.txt
[7.063s] writing entry points to ../../build/turtlebot3_waypoints/turtlebot3_waypoints.egg-info/entry_points.txt
[7.064s] writing requirements to ../../build/turtlebot3_waypoints/turtlebot3_waypoints.egg-info/requires.txt
[7.064s] writing top-level names to ../../build/turtlebot3_waypoints/turtlebot3_waypoints.egg-info/top_level.txt
[7.075s] reading manifest file '../../build/turtlebot3_waypoints/turtlebot3_waypoints.egg-info/SOURCES.txt'
[7.082s] writing manifest file '../../build/turtlebot3_waypoints/turtlebot3_waypoints.egg-info/SOURCES.txt'
[7.082s] running build
[7.083s] running build_py
[7.083s] running install
[7.086s] running install_lib
[7.094s] running install_data
[7.096s] copying launch/static_base_scan_tf.launch.py -> /home/emma/Desktop/RCS Project/Project/install/turtlebot3_waypoints/share/turtlebot3_waypoints/launch
[7.096s] running install_egg_info
[7.110s] removing '/home/emma/Desktop/RCS Project/Project/install/turtlebot3_waypoints/lib/python3.10/site-packages/turtlebot3_waypoints-0.0.0-py3.10.egg-info' (and everything under it)
[7.111s] Copying ../../build/turtlebot3_waypoints/turtlebot3_waypoints.egg-info to /home/emma/Desktop/RCS Project/Project/install/turtlebot3_waypoints/lib/python3.10/site-packages/turtlebot3_waypoints-0.0.0-py3.10.egg-info
[7.119s] running install_scripts
[7.237s] Installing waypoint_nav script to /home/emma/Desktop/RCS Project/Project/install/turtlebot3_waypoints/lib/turtlebot3_waypoints
[7.240s] writing list of installed files to '/home/emma/Desktop/RCS Project/Project/build/turtlebot3_waypoints/install.log'
[7.404s] Invoked command in '/home/emma/Desktop/RCS Project/Project/src/turtlebot3_waypoints' returned '0': PYTHONPATH=/home/emma/Desktop/RCS Project/Project/build/turtlebot3_waypoints/prefix_override:/usr/lib/python3/dist-packages/colcon_core/task/python/colcon_distutils_commands:/home/emma/Desktop/RCS Project/Project/install/turtlebot3_waypoints/lib/python3.10/site-packages:${PYTHONPATH} /usr/bin/python3 -W ignore:setup.py install is deprecated -W ignore:easy_install command is deprecated setup.py egg_info --egg-base ../../build/turtlebot3_waypoints build --build-base /home/emma/Desktop/RCS Project/Project/build/turtlebot3_waypoints/build install --record /home/emma/Desktop/RCS Project/Project/build/turtlebot3_waypoints/install.log --single-version-externally-managed install_data
