[0.762s] DEBUG:colcon:Command line arguments: ['/usr/bin/colcon', 'build']
[0.762s] DEBUG:colcon:Parsed command line arguments: Namespace(log_base=None, log_level=None, verb_name='build', build_base='build', install_base='install', merge_install=False, symlink_install=False, test_result_base=None, continue_on_error=False, executor='parallel', parallel_workers=8, event_handlers=None, ignore_user_meta=False, metas=['./colcon.meta'], base_paths=['.'], packages_ignore=None, packages_ignore_regex=None, paths=None, packages_up_to=None, packages_up_to_regex=None, packages_above=None, packages_above_and_dependencies=None, packages_above_depth=None, packages_select_by_dep=None, packages_skip_by_dep=None, packages_skip_up_to=None, packages_select_build_failed=False, packages_skip_build_finished=False, packages_select_test_failures=False, packages_skip_test_passed=False, packages_select=None, packages_skip=None, packages_select_regex=None, packages_skip_regex=None, packages_start=None, packages_end=None, allow_overriding=[], cmake_args=None, cmake_target=None, cmake_target_skip_unavailable=False, cmake_clean_cache=False, cmake_clean_first=False, cmake_force_configure=False, ament_cmake_args=None, catkin_cmake_args=None, catkin_skip_building_tests=False, mixin_files=None, mixin=None, verb_parser=<colcon_mixin.mixin.mixin_argument.MixinArgumentDecorator object at 0x7e93f9a379d0>, verb_extension=<colcon_core.verb.build.BuildVerb object at 0x7e93f9bc4970>, main=<bound method BuildVerb.main of <colcon_core.verb.build.BuildVerb object at 0x7e93f9bc4970>>, mixin_verb=('build',))
[2.100s] Level 1:colcon.colcon_core.package_discovery:discover_packages(colcon_meta) check parameters
[2.101s] Level 1:colcon.colcon_core.package_discovery:discover_packages(recursive) check parameters
[2.101s] Level 1:colcon.colcon_core.package_discovery:discover_packages(ignore) check parameters
[2.101s] Level 1:colcon.colcon_core.package_discovery:discover_packages(path) check parameters
[2.101s] Level 1:colcon.colcon_core.package_discovery:discover_packages(colcon_meta) discover
[2.101s] Level 1:colcon.colcon_core.package_discovery:discover_packages(recursive) discover
[2.102s] INFO:colcon.colcon_core.package_discovery:Crawling recursively for packages in '/home/emma/Desktop/RCS Project/Project'
[2.102s] Level 1:colcon.colcon_core.package_identification:_identify(.) by extensions ['ignore', 'ignore_ament_install']
[2.102s] Level 1:colcon.colcon_core.package_identification:_identify(.) by extension 'ignore'
[2.102s] Level 1:colcon.colcon_core.package_identification:_identify(.) by extension 'ignore_ament_install'
[2.103s] Level 1:colcon.colcon_core.package_identification:_identify(.) by extensions ['colcon_pkg']
[2.103s] Level 1:colcon.colcon_core.package_identification:_identify(.) by extension 'colcon_pkg'
[2.103s] Level 1:colcon.colcon_core.package_identification:_identify(.) by extensions ['colcon_meta']
[2.103s] Level 1:colcon.colcon_core.package_identification:_identify(.) by extension 'colcon_meta'
[2.103s] Level 1:colcon.colcon_core.package_identification:_identify(.) by extensions ['ros']
[2.103s] Level 1:colcon.colcon_core.package_identification:_identify(.) by extension 'ros'
[2.229s] Level 1:colcon.colcon_core.package_identification:_identify(.) by extensions ['cmake', 'python']
[2.229s] Level 1:colcon.colcon_core.package_identification:_identify(.) by extension 'cmake'
[2.229s] Level 1:colcon.colcon_core.package_identification:_identify(.) by extension 'python'
[2.229s] Level 1:colcon.colcon_core.package_identification:_identify(.) by extensions ['python_setup_py']
[2.229s] Level 1:colcon.colcon_core.package_identification:_identify(.) by extension 'python_setup_py'
[2.230s] Level 1:colcon.colcon_core.package_identification:_identify(build) by extensions ['ignore', 'ignore_ament_install']
[2.230s] Level 1:colcon.colcon_core.package_identification:_identify(build) by extension 'ignore'
[2.230s] Level 1:colcon.colcon_core.package_identification:_identify(build) ignored
[2.231s] Level 1:colcon.colcon_core.package_identification:_identify(install) by extensions ['ignore', 'ignore_ament_install']
[2.231s] Level 1:colcon.colcon_core.package_identification:_identify(install) by extension 'ignore'
[2.231s] Level 1:colcon.colcon_core.package_identification:_identify(install) ignored
[2.232s] Level 1:colcon.colcon_core.package_identification:_identify(log) by extensions ['ignore', 'ignore_ament_install']
[2.232s] Level 1:colcon.colcon_core.package_identification:_identify(log) by extension 'ignore'
[2.232s] Level 1:colcon.colcon_core.package_identification:_identify(log) ignored
[2.232s] Level 1:colcon.colcon_core.package_identification:_identify(src) by extensions ['ignore', 'ignore_ament_install']
[2.233s] Level 1:colcon.colcon_core.package_identification:_identify(src) by extension 'ignore'
[2.235s] Level 1:colcon.colcon_core.package_identification:_identify(src) by extension 'ignore_ament_install'
[2.235s] Level 1:colcon.colcon_core.package_identification:_identify(src) by extensions ['colcon_pkg']
[2.236s] Level 1:colcon.colcon_core.package_identification:_identify(src) by extension 'colcon_pkg'
[2.236s] Level 1:colcon.colcon_core.package_identification:_identify(src) by extensions ['colcon_meta']
[2.237s] Level 1:colcon.colcon_core.package_identification:_identify(src) by extension 'colcon_meta'
[2.237s] Level 1:colcon.colcon_core.package_identification:_identify(src) by extensions ['ros']
[2.237s] Level 1:colcon.colcon_core.package_identification:_identify(src) by extension 'ros'
[2.238s] Level 1:colcon.colcon_core.package_identification:_identify(src) by extensions ['cmake', 'python']
[2.238s] Level 1:colcon.colcon_core.package_identification:_identify(src) by extension 'cmake'
[2.239s] Level 1:colcon.colcon_core.package_identification:_identify(src) by extension 'python'
[2.240s] Level 1:colcon.colcon_core.package_identification:_identify(src) by extensions ['python_setup_py']
[2.241s] Level 1:colcon.colcon_core.package_identification:_identify(src) by extension 'python_setup_py'
[2.242s] Level 1:colcon.colcon_core.package_identification:_identify(src/turtlebot3_waypoints) by extensions ['ignore', 'ignore_ament_install']
[2.243s] Level 1:colcon.colcon_core.package_identification:_identify(src/turtlebot3_waypoints) by extension 'ignore'
[2.243s] Level 1:colcon.colcon_core.package_identification:_identify(src/turtlebot3_waypoints) by extension 'ignore_ament_install'
[2.245s] Level 1:colcon.colcon_core.package_identification:_identify(src/turtlebot3_waypoints) by extensions ['colcon_pkg']
[2.245s] Level 1:colcon.colcon_core.package_identification:_identify(src/turtlebot3_waypoints) by extension 'colcon_pkg'
[2.246s] Level 1:colcon.colcon_core.package_identification:_identify(src/turtlebot3_waypoints) by extensions ['colcon_meta']
[2.246s] Level 1:colcon.colcon_core.package_identification:_identify(src/turtlebot3_waypoints) by extension 'colcon_meta'
[2.246s] Level 1:colcon.colcon_core.package_identification:_identify(src/turtlebot3_waypoints) by extensions ['ros']
[2.246s] Level 1:colcon.colcon_core.package_identification:_identify(src/turtlebot3_waypoints) by extension 'ros'
[2.264s] DEBUG:colcon.colcon_core.package_identification:Package 'src/turtlebot3_waypoints' with type 'ros.ament_python' and name 'turtlebot3_waypoints'
[2.264s] Level 1:colcon.colcon_core.package_discovery:discover_packages(recursive) using defaults
[2.264s] Level 1:colcon.colcon_core.package_discovery:discover_packages(ignore) discover
[2.264s] Level 1:colcon.colcon_core.package_discovery:discover_packages(ignore) using defaults
[2.264s] Level 1:colcon.colcon_core.package_discovery:discover_packages(path) discover
[2.264s] Level 1:colcon.colcon_core.package_discovery:discover_packages(path) using defaults
[2.361s] Level 1:colcon.colcon_core.package_discovery:discover_packages(prefix_path) check parameters
[2.361s] Level 1:colcon.colcon_core.package_discovery:discover_packages(prefix_path) discover
[2.385s] DEBUG:colcon.colcon_installed_package_information.package_discovery:Found 1 installed packages in /home/emma/Desktop/RCS Project/Project/install
[2.396s] DEBUG:colcon.colcon_installed_package_information.package_discovery:Found 484 installed packages in /opt/ros/humble
[2.402s] Level 1:colcon.colcon_core.package_discovery:discover_packages(prefix_path) using defaults
[2.779s] Level 5:colcon.colcon_core.verb:set package 'turtlebot3_waypoints' build argument 'cmake_args' from command line to 'None'
[2.780s] Level 5:colcon.colcon_core.verb:set package 'turtlebot3_waypoints' build argument 'cmake_target' from command line to 'None'
[2.780s] Level 5:colcon.colcon_core.verb:set package 'turtlebot3_waypoints' build argument 'cmake_target_skip_unavailable' from command line to 'False'
[2.780s] Level 5:colcon.colcon_core.verb:set package 'turtlebot3_waypoints' build argument 'cmake_clean_cache' from command line to 'False'
[2.780s] Level 5:colcon.colcon_core.verb:set package 'turtlebot3_waypoints' build argument 'cmake_clean_first' from command line to 'False'
[2.780s] Level 5:colcon.colcon_core.verb:set package 'turtlebot3_waypoints' build argument 'cmake_force_configure' from command line to 'False'
[2.780s] Level 5:colcon.colcon_core.verb:set package 'turtlebot3_waypoints' build argument 'ament_cmake_args' from command line to 'None'
[2.780s] Level 5:colcon.colcon_core.verb:set package 'turtlebot3_waypoints' build argument 'catkin_cmake_args' from command line to 'None'
[2.780s] Level 5:colcon.colcon_core.verb:set package 'turtlebot3_waypoints' build argument 'catkin_skip_building_tests' from command line to 'False'
[2.780s] DEBUG:colcon.colcon_core.verb:Building package 'turtlebot3_waypoints' with the following arguments: {'ament_cmake_args': None, 'build_base': '/home/emma/Desktop/RCS Project/Project/build/turtlebot3_waypoints', 'catkin_cmake_args': None, 'catkin_skip_building_tests': False, 'cmake_args': None, 'cmake_clean_cache': False, 'cmake_clean_first': False, 'cmake_force_configure': False, 'cmake_target': None, 'cmake_target_skip_unavailable': False, 'install_base': '/home/emma/Desktop/RCS Project/Project/install/turtlebot3_waypoints', 'merge_install': False, 'path': '/home/emma/Desktop/RCS Project/Project/src/turtlebot3_waypoints', 'symlink_install': False, 'test_result_base': None}
[2.781s] INFO:colcon.colcon_core.executor:Executing jobs using 'parallel' executor
[2.784s] DEBUG:colcon.colcon_parallel_executor.executor.parallel:run_until_complete
[2.787s] INFO:colcon.colcon_ros.task.ament_python.build:Building ROS package in '/home/emma/Desktop/RCS Project/Project/src/turtlebot3_waypoints' with build type 'ament_python'
[2.788s] Level 1:colcon.colcon_core.shell:create_environment_hook('turtlebot3_waypoints', 'ament_prefix_path')
[2.806s] INFO:colcon.colcon_core.plugin_system:Skipping extension 'colcon_core.shell.bat': Not used on non-Windows systems
[2.809s] INFO:colcon.colcon_core.shell:Creating environment hook '/home/emma/Desktop/RCS Project/Project/install/turtlebot3_waypoints/share/turtlebot3_waypoints/hook/ament_prefix_path.ps1'
[2.815s] INFO:colcon.colcon_core.shell:Creating environment descriptor '/home/emma/Desktop/RCS Project/Project/install/turtlebot3_waypoints/share/turtlebot3_waypoints/hook/ament_prefix_path.dsv'
[2.819s] INFO:colcon.colcon_core.shell:Creating environment hook '/home/emma/Desktop/RCS Project/Project/install/turtlebot3_waypoints/share/turtlebot3_waypoints/hook/ament_prefix_path.sh'
[2.822s] INFO:colcon.colcon_core.shell:Skip shell extension 'powershell' for command environment: Not usable outside of PowerShell
[2.822s] DEBUG:colcon.colcon_core.shell:Skip shell extension 'dsv' for command environment
[4.858s] INFO:colcon.colcon_core.task.python.build:Building Python package in '/home/emma/Desktop/RCS Project/Project/src/turtlebot3_waypoints'
[4.859s] INFO:colcon.colcon_core.shell:Skip shell extension 'powershell' for command environment: Not usable outside of PowerShell
[4.860s] DEBUG:colcon.colcon_core.shell:Skip shell extension 'dsv' for command environment
[7.633s] DEBUG:colcon.colcon_core.event_handler.log_command:Invoking command in '/home/emma/Desktop/RCS Project/Project/src/turtlebot3_waypoints': PYTHONPATH=/home/emma/Desktop/RCS Project/Project/build/turtlebot3_waypoints/prefix_override:/usr/lib/python3/dist-packages/colcon_core/task/python/colcon_distutils_commands:/home/emma/Desktop/RCS Project/Project/install/turtlebot3_waypoints/lib/python3.10/site-packages:${PYTHONPATH} /usr/bin/python3 -W ignore:setup.py install is deprecated -W ignore:easy_install command is deprecated setup.py egg_info --egg-base ../../build/turtlebot3_waypoints build --build-base /home/emma/Desktop/RCS Project/Project/build/turtlebot3_waypoints/build install --record /home/emma/Desktop/RCS Project/Project/build/turtlebot3_waypoints/install.log --single-version-externally-managed install_data
[9.810s] DEBUG:colcon.colcon_core.event_handler.log_command:Invoked command in '/home/emma/Desktop/RCS Project/Project/src/turtlebot3_waypoints' returned '0': PYTHONPATH=/home/emma/Desktop/RCS Project/Project/build/turtlebot3_waypoints/prefix_override:/usr/lib/python3/dist-packages/colcon_core/task/python/colcon_distutils_commands:/home/emma/Desktop/RCS Project/Project/install/turtlebot3_waypoints/lib/python3.10/site-packages:${PYTHONPATH} /usr/bin/python3 -W ignore:setup.py install is deprecated -W ignore:easy_install command is deprecated setup.py egg_info --egg-base ../../build/turtlebot3_waypoints build --build-base /home/emma/Desktop/RCS Project/Project/build/turtlebot3_waypoints/build install --record /home/emma/Desktop/RCS Project/Project/build/turtlebot3_waypoints/install.log --single-version-externally-managed install_data
[9.818s] Level 1:colcon.colcon_core.environment:checking '/home/emma/Desktop/RCS Project/Project/install/turtlebot3_waypoints' for CMake module files
[9.821s] Level 1:colcon.colcon_core.environment:checking '/home/emma/Desktop/RCS Project/Project/install/turtlebot3_waypoints' for CMake config files
[9.826s] Level 1:colcon.colcon_core.environment:checking '/home/emma/Desktop/RCS Project/Project/install/turtlebot3_waypoints/lib'
[9.829s] Level 1:colcon.colcon_core.environment:checking '/home/emma/Desktop/RCS Project/Project/install/turtlebot3_waypoints/bin'
[9.830s] Level 1:colcon.colcon_core.environment:checking '/home/emma/Desktop/RCS Project/Project/install/turtlebot3_waypoints/lib/pkgconfig/turtlebot3_waypoints.pc'
[9.832s] Level 1:colcon.colcon_core.environment:checking '/home/emma/Desktop/RCS Project/Project/install/turtlebot3_waypoints/lib/python3.10/site-packages'
[9.832s] Level 1:colcon.colcon_core.shell:create_environment_hook('turtlebot3_waypoints', 'pythonpath')
[9.835s] INFO:colcon.colcon_core.shell:Creating environment hook '/home/emma/Desktop/RCS Project/Project/install/turtlebot3_waypoints/share/turtlebot3_waypoints/hook/pythonpath.ps1'
[9.841s] INFO:colcon.colcon_core.shell:Creating environment descriptor '/home/emma/Desktop/RCS Project/Project/install/turtlebot3_waypoints/share/turtlebot3_waypoints/hook/pythonpath.dsv'
[9.844s] INFO:colcon.colcon_core.shell:Creating environment hook '/home/emma/Desktop/RCS Project/Project/install/turtlebot3_waypoints/share/turtlebot3_waypoints/hook/pythonpath.sh'
[9.851s] Level 1:colcon.colcon_core.environment:checking '/home/emma/Desktop/RCS Project/Project/install/turtlebot3_waypoints/bin'
[9.851s] Level 1:colcon.colcon_core.environment:create_environment_scripts_only(turtlebot3_waypoints)
[9.853s] INFO:colcon.colcon_core.shell:Creating package script '/home/emma/Desktop/RCS Project/Project/install/turtlebot3_waypoints/share/turtlebot3_waypoints/package.ps1'
[9.857s] INFO:colcon.colcon_core.shell:Creating package descriptor '/home/emma/Desktop/RCS Project/Project/install/turtlebot3_waypoints/share/turtlebot3_waypoints/package.dsv'
[9.859s] INFO:colcon.colcon_core.shell:Creating package script '/home/emma/Desktop/RCS Project/Project/install/turtlebot3_waypoints/share/turtlebot3_waypoints/package.sh'
[9.863s] INFO:colcon.colcon_core.shell:Creating package script '/home/emma/Desktop/RCS Project/Project/install/turtlebot3_waypoints/share/turtlebot3_waypoints/package.bash'
[9.871s] INFO:colcon.colcon_core.shell:Creating package script '/home/emma/Desktop/RCS Project/Project/install/turtlebot3_waypoints/share/turtlebot3_waypoints/package.zsh'
[9.876s] Level 1:colcon.colcon_core.environment:create_file_with_runtime_dependencies(/home/emma/Desktop/RCS Project/Project/install/turtlebot3_waypoints/share/colcon-core/packages/turtlebot3_waypoints)
[9.879s] DEBUG:colcon.colcon_parallel_executor.executor.parallel:closing loop
[9.882s] DEBUG:colcon.colcon_parallel_executor.executor.parallel:loop closed
[9.883s] DEBUG:colcon.colcon_parallel_executor.executor.parallel:run_until_complete finished with '0'
[9.884s] DEBUG:colcon.colcon_core.event_reactor:joining thread
[9.906s] INFO:colcon.colcon_core.plugin_system:Skipping extension 'colcon_notification.desktop_notification.terminal_notifier': Not used on non-Darwin systems
[9.906s] INFO:colcon.colcon_core.plugin_system:Skipping extension 'colcon_notification.desktop_notification.win32': Not used on non-Windows systems
[9.906s] INFO:colcon.colcon_notification.desktop_notification:Sending desktop notification using 'notify2'
[9.953s] DEBUG:colcon.colcon_core.event_reactor:joined thread
[9.955s] INFO:colcon.colcon_core.shell:Creating prefix script '/home/emma/Desktop/RCS Project/Project/install/local_setup.ps1'
[9.963s] INFO:colcon.colcon_core.shell:Creating prefix util module '/home/emma/Desktop/RCS Project/Project/install/_local_setup_util_ps1.py'
[9.974s] INFO:colcon.colcon_core.shell:Creating prefix chain script '/home/emma/Desktop/RCS Project/Project/install/setup.ps1'
[9.982s] INFO:colcon.colcon_core.shell:Creating prefix script '/home/emma/Desktop/RCS Project/Project/install/local_setup.sh'
[9.988s] INFO:colcon.colcon_core.shell:Creating prefix util module '/home/emma/Desktop/RCS Project/Project/install/_local_setup_util_sh.py'
[9.990s] INFO:colcon.colcon_core.shell:Creating prefix chain script '/home/emma/Desktop/RCS Project/Project/install/setup.sh'
[9.995s] INFO:colcon.colcon_core.shell:Creating prefix script '/home/emma/Desktop/RCS Project/Project/install/local_setup.bash'
[9.997s] INFO:colcon.colcon_core.shell:Creating prefix chain script '/home/emma/Desktop/RCS Project/Project/install/setup.bash'
[10.003s] INFO:colcon.colcon_core.shell:Creating prefix script '/home/emma/Desktop/RCS Project/Project/install/local_setup.zsh'
[10.008s] INFO:colcon.colcon_core.shell:Creating prefix chain script '/home/emma/Desktop/RCS Project/Project/install/setup.zsh'
