running egg_info
creating ../../build/turtlebot3_waypoints/turtlebot3_waypoints.egg-info
writing ../../build/turtlebot3_waypoints/turtlebot3_waypoints.egg-info/PKG-INFO
writing dependency_links to ../../build/turtlebot3_waypoints/turtlebot3_waypoints.egg-info/dependency_links.txt
writing entry points to ../../build/turtlebot3_waypoints/turtlebot3_waypoints.egg-info/entry_points.txt
writing requirements to ../../build/turtlebot3_waypoints/turtlebot3_waypoints.egg-info/requires.txt
writing top-level names to ../../build/turtlebot3_waypoints/turtlebot3_waypoints.egg-info/top_level.txt
writing manifest file '../../build/turtlebot3_waypoints/turtlebot3_waypoints.egg-info/SOURCES.txt'
reading manifest file '../../build/turtlebot3_waypoints/turtlebot3_waypoints.egg-info/SOURCES.txt'
writing manifest file '../../build/turtlebot3_waypoints/turtlebot3_waypoints.egg-info/SOURCES.txt'
running build
running build_py
creating /home/emma/Desktop/RCS Project/Project/build/turtlebot3_waypoints/build
creating /home/emma/Desktop/RCS Project/Project/build/turtlebot3_waypoints/build/lib
creating /home/emma/Desktop/RCS Project/Project/build/turtlebot3_waypoints/build/lib/turtlebot3_waypoints
copying turtlebot3_waypoints/__init__.py -> /home/emma/Desktop/RCS Project/Project/build/turtlebot3_waypoints/build/lib/turtlebot3_waypoints
running install
running install_lib
creating /home/emma/Desktop/RCS Project/Project/install/turtlebot3_waypoints/lib/python3.10/site-packages/turtlebot3_waypoints
copying /home/emma/Desktop/RCS Project/Project/build/turtlebot3_waypoints/build/lib/turtlebot3_waypoints/__init__.py -> /home/emma/Desktop/RCS Project/Project/install/turtlebot3_waypoints/lib/python3.10/site-packages/turtlebot3_waypoints
byte-compiling /home/emma/Desktop/RCS Project/Project/install/turtlebot3_waypoints/lib/python3.10/site-packages/turtlebot3_waypoints/__init__.py to __init__.cpython-310.pyc
running install_data
creating /home/emma/Desktop/RCS Project/Project/install/turtlebot3_waypoints/share/ament_index
creating /home/emma/Desktop/RCS Project/Project/install/turtlebot3_waypoints/share/ament_index/resource_index
creating /home/emma/Desktop/RCS Project/Project/install/turtlebot3_waypoints/share/ament_index/resource_index/packages
copying resource/turtlebot3_waypoints -> /home/emma/Desktop/RCS Project/Project/install/turtlebot3_waypoints/share/ament_index/resource_index/packages
copying package.xml -> /home/emma/Desktop/RCS Project/Project/install/turtlebot3_waypoints/share/turtlebot3_waypoints
running install_egg_info
Copying ../../build/turtlebot3_waypoints/turtlebot3_waypoints.egg-info to /home/emma/Desktop/RCS Project/Project/install/turtlebot3_waypoints/lib/python3.10/site-packages/turtlebot3_waypoints-0.0.0-py3.10.egg-info
running install_scripts
writing list of installed files to '/home/emma/Desktop/RCS Project/Project/build/turtlebot3_waypoints/install.log'
